<?xml version="1.0" encoding="UTF-8"?>
<testng-results skipped="0" failed="0" total="1" passed="1">
  <reporter-output>
  </reporter-output>
  <suite name="Default suite" duration-ms="18677" started-at="2018-12-21T15:30:16Z" finished-at="2018-12-21T15:30:35Z">
    <groups>
    </groups>
    <test name="Default test" duration-ms="18677" started-at="2018-12-21T15:30:16Z" finished-at="2018-12-21T15:30:35Z">
      <class name="sourcemethods.demo1">
        <test-method status="PASS" signature="browserlaunch()[pri:0, instance:sourcemethods.demo1@d62f43]" name="browserlaunch" duration-ms="18660" started-at="2018-12-21T21:00:16Z" finished-at="2018-12-21T21:00:35Z">
          <reporter-output>
          </reporter-output>
        </test-method> <!-- browserlaunch -->
      </class> <!-- sourcemethods.demo1 -->
    </test> <!-- Default test -->
  </suite> <!-- Default suite -->
</testng-results>
